[2018-Jan-09 20:58] 127.0.0.1 POST http /v1/api/predict? 200 OK 
 [{'age': 31, 'notes': 'unhappy', 'visualAcuity_1': 0.8, 'lensometer_1': -2.5, 'autorefraction_1': -2.75}, {'age': 39, 'notes': 'unhappy', 'visualAcuity_1': 0.8, 'lensometer_1': -1.75, 'autorefraction_1': -2}] 
 {
  "prediction": [
    -2.5, 
    -1.75
  ]
}
 

[2018-Jan-09 20:58] 127.0.0.1 POST http /v1/api/predict? 200 OK 
 [{'age': 31, 'notes': 'unhappy', 'visualAcuity_1': 0.8, 'lensometer_1': -2.5, 'autorefraction_1': -2.75}, {'age': 39, 'notes': 'unhappy', 'visualAcuity_1': 0.8, 'lensometer_1': -1.75, 'autorefraction_1': -2}] 
 {
  "prediction": [
    -2.5, 
    -1.75
  ]
}
 

[2018-Jan-10 16:13] 127.0.0.1 OPTIONS http /api/v1/clear? 200 OK 
 <Request 'http://127.0.0.1:5000/api/v1/clear' [OPTIONS]> 
  

[2018-Jan-10 16:13] 127.0.0.1 OPTIONS http /api/v1/clear? 200 OK 
 <Request 'http://127.0.0.1:5000/api/v1/clear' [OPTIONS]> 
  

[2018-Jan-10 16:13] 127.0.0.1 OPTIONS http /api/v1/clear? 200 OK 
 <Request 'http://127.0.0.1:5000/api/v1/clear' [OPTIONS]> 
  

[2018-Jan-10 16:13] 127.0.0.1 OPTIONS http /api/v1/clear? 200 OK 
 <Request 'http://127.0.0.1:5000/api/v1/clear' [OPTIONS]> 
  

[2018-Jan-10 16:13] 127.0.0.1 OPTIONS http /api/v1/clear? 200 OK 
 <Request 'http://127.0.0.1:5000/api/v1/clear' [OPTIONS]> 
  

[2018-Jan-10 16:13] 127.0.0.1 OPTIONS http /api/v1/clear? 200 OK 
 <Request 'http://127.0.0.1:5000/api/v1/clear' [OPTIONS]> 
  

[2018-Jan-10 16:20] 127.0.0.1 OPTIONS http /api/v1/clear? 200 OK 
 <Request 'http://127.0.0.1:5000/api/v1/clear' [OPTIONS]> 
  

[2018-Jan-10 16:20] 127.0.0.1 GET http /api/v1/clear? 200 OK 
 <Request 'http://127.0.0.1:5000/api/v1/clear' [GET]> 
 Model cleared 

[2018-Jan-10 16:20] 127.0.0.1 OPTIONS http /api/v1/clear? 200 OK 
 <Request 'http://127.0.0.1:5000/api/v1/clear' [OPTIONS]> 
  

[2018-Jan-10 16:20] 127.0.0.1 GET http /api/v1/clear? 200 OK 
 <Request 'http://127.0.0.1:5000/api/v1/clear' [GET]> 
 Model cleared 

[2018-Jan-10 16:20] 127.0.0.1 OPTIONS http /api/v1/clear? 200 OK 
 <Request 'http://127.0.0.1:5000/api/v1/clear' [OPTIONS]> 
  

[2018-Jan-10 16:20] 127.0.0.1 GET http /api/v1/clear? 200 OK 
 <Request 'http://127.0.0.1:5000/api/v1/clear' [GET]> 
 Model cleared 

[2018-Jan-10 16:21] 127.0.0.1 OPTIONS http /api/v1/clear? 200 OK 
 <Request 'http://127.0.0.1:5000/api/v1/clear' [OPTIONS]> 
  

[2018-Jan-10 16:21] 127.0.0.1 OPTIONS http /api/v1/clear? 200 OK 
 <Request 'http://127.0.0.1:5000/api/v1/clear' [OPTIONS]> 
  

[2018-Jan-10 16:21] 127.0.0.1 OPTIONS http /api/v1/clear? 200 OK 
 <Request 'http://127.0.0.1:5000/api/v1/clear' [OPTIONS]> 
  

[2018-Jan-10 16:21] 127.0.0.1 OPTIONS http /api/v1/clear? 200 OK 
 <Request 'http://127.0.0.1:5000/api/v1/clear' [OPTIONS]> 
  

[2018-Jan-10 16:21] 127.0.0.1 OPTIONS http /api/v1/clear? 200 OK 
 <Request 'http://127.0.0.1:5000/api/v1/clear' [OPTIONS]> 
  

[2018-Jan-10 16:21] 127.0.0.1 OPTIONS http /api/v1/clear? 200 OK 
 <Request 'http://127.0.0.1:5000/api/v1/clear' [OPTIONS]> 
  

[2018-Jan-10 16:21] 127.0.0.1 OPTIONS http /api/v1/clear? 200 OK 
 <Request 'http://127.0.0.1:5000/api/v1/clear' [OPTIONS]> 
  

[2018-Jan-10 16:21] 127.0.0.1 OPTIONS http /api/v1/clear? 200 OK 
 <Request 'http://127.0.0.1:5000/api/v1/clear' [OPTIONS]> 
  

[2018-Jan-10 16:22] 127.0.0.1 OPTIONS http /api/v1/clear? 200 OK 
 <Request 'http://127.0.0.1:5000/api/v1/clear' [OPTIONS]> 
  

[2018-Jan-10 16:22] 127.0.0.1 GET http /api/v1/clear? 200 OK 
 <Request 'http://127.0.0.1:5000/api/v1/clear' [GET]> 
 Model cleared 

[2018-Jan-10 16:32] 127.0.0.1 GET http /v1/api/train? 404 NOT FOUND 
 <Request 'http://127.0.0.1:5000/v1/api/train' [GET]> 
 <!DOCTYPE HTML PUBLIC "-//W3C//DTD HTML 3.2 Final//EN">
<title>404 Not Found</title>
<h1>Not Found</h1>
<p>The requested URL was not found on the server.  If you entered the URL manually please check your spelling and try again.</p>
 

[2018-Jan-10 16:32] 127.0.0.1 GET http /api/v1/train? 201 CREATED 
 <Request 'http://127.0.0.1:5000/api/v1/train' [GET]> 
 Model created/trained successfully 

[2018-Jan-10 16:50] 127.0.0.1 GET http /api/v1/train? 201 CREATED 
 <Request 'http://127.0.0.1:5000/api/v1/train' [GET]> 
 Model created/trained successfully 

[2018-Jan-10 16:50] 127.0.0.1 GET http /api/v1/train? 401 UNAUTHORIZED 
 <Request 'http://127.0.0.1:5000/api/v1/train' [GET]> 
 Unauthorized 

[2018-Jan-10 16:53] 127.0.0.1 GET http /api/v1/train? 401 UNAUTHORIZED 
 <Request 'http://127.0.0.1:5000/api/v1/train' [GET]> 
 Unauthorized 

[2018-Jan-10 16:53] 127.0.0.1 GET http /api/v1/train? 401 UNAUTHORIZED 
 <Request 'http://127.0.0.1:5000/api/v1/train' [GET]> 
 Unauthorized 

[2018-Jan-10 16:53] 127.0.0.1 GET http /api/v1/train? 201 CREATED 
 <Request 'http://127.0.0.1:5000/api/v1/train' [GET]> 
 Model created/trained successfully 

[2018-Jan-10 17:02] 127.0.0.1 GET http /api/v1/train? 201 CREATED 
 <Request 'http://127.0.0.1:5000/api/v1/train' [GET]> 
 Model created/trained successfully 

[2018-Jan-10 17:04] 127.0.0.1 GET http /api/v1/train? 401 UNAUTHORIZED 
 <Request 'http://127.0.0.1:5000/api/v1/train' [GET]> 
 Unauthorized 

[2018-Jan-10 17:04] 127.0.0.1 GET http /api/v1/train? 401 UNAUTHORIZED 
 <Request 'http://127.0.0.1:5000/api/v1/train' [GET]> 
 Unauthorized 

[2018-Jan-10 17:11] 127.0.0.1 GET http /api/v1/train? 201 CREATED 
 <Request 'http://127.0.0.1:5000/api/v1/train' [GET]> 
 Model created/trained successfully 

[2018-Jan-10 17:51] 127.0.0.1 GET http /api/v1/train? 401 UNAUTHORIZED 
 <Request 'http://127.0.0.1:5000/api/v1/train' [GET]> 
 Unauthorized 

[2018-Jan-10 17:51] 127.0.0.1 GET http /api/v1/train? 401 UNAUTHORIZED 
 <Request 'http://127.0.0.1:5000/api/v1/train' [GET]> 
 Unauthorized 

[2018-Jan-10 17:51] 127.0.0.1 GET http /api/v1/train? 401 UNAUTHORIZED 
 <Request 'http://127.0.0.1:5000/api/v1/train' [GET]> 
 Unauthorized 

[2018-Jan-10 17:51] 127.0.0.1 GET http /api/v1/train? 401 UNAUTHORIZED 
 <Request 'http://127.0.0.1:5000/api/v1/train' [GET]> 
 Unauthorized 

[2018-Jan-10 17:55] 127.0.0.1 GET http /api/v1/train? 201 CREATED 
 <Request 'http://127.0.0.1:5000/api/v1/train' [GET]> 
 Model created/trained successfully 

[2018-Jan-10 17:55] 127.0.0.1 GET http /api/v1/train? 401 UNAUTHORIZED 
 <Request 'http://127.0.0.1:5000/api/v1/train' [GET]> 
 Unauthorized 

[2018-Jan-10 17:55] 127.0.0.1 GET http /api/v1/train? 401 UNAUTHORIZED 
 <Request 'http://127.0.0.1:5000/api/v1/train' [GET]> 
 Unauthorized 

[2018-Jan-10 17:55] 127.0.0.1 GET http /api/v1/train? 401 UNAUTHORIZED 
 <Request 'http://127.0.0.1:5000/api/v1/train' [GET]> 
 Unauthorized 

[2018-Jan-10 17:55] 127.0.0.1 GET http /api/v1/train? 201 CREATED 
 <Request 'http://127.0.0.1:5000/api/v1/train' [GET]> 
 Model created/trained successfully 

[2018-Jan-10 17:59] 127.0.0.1 GET http /api/v1/train? 201 CREATED 
 <Request 'http://127.0.0.1:5000/api/v1/train' [GET]> 
 Model created/trained successfully 

[2018-Jan-10 17:59] 127.0.0.1 GET http /api/v1/train? 201 CREATED 
 <Request 'http://127.0.0.1:5000/api/v1/train' [GET]> 
 Model created/trained successfully 

[2018-Jan-10 18:00] 127.0.0.1 POST http /api/v1/predict? 200 OK 
 [{'age': 31, 'notes': 'unhappy', 'visualAcuity_1': 0.8, 'lensometer_1': -2.5, 'autorefraction_1': -2.75}, {'age': 39, 'notes': 'unhappy', 'visualAcuity_1': 0.8, 'lensometer_1': -1.75, 'autorefraction_1': -2}] 
 {
  "prediction": [
    -2.5, 
    -1.75
  ]
}
 

[2018-Jan-10 18:00] 127.0.0.1 POST http /api/v1/predict? 200 OK 
 [{'age': 31, 'notes': 'unhappy', 'visualAcuity_1': 0.8, 'lensometer_1': -2.5, 'autorefraction_1': -2.75}, {'age': 39, 'notes': 'unhappy', 'visualAcuity_1': 0.8, 'lensometer_1': -1.75, 'autorefraction_1': -2}] 
 {
  "prediction": [
    -2.5, 
    -1.75
  ]
}
 

[2018-Jan-10 18:00] 127.0.0.1 POST http /api/v1/predict? 401 UNAUTHORIZED 
 [{'age': 31, 'notes': 'unhappy', 'visualAcuity_1': 0.8, 'lensometer_1': -2.5, 'autorefraction_1': -2.75}, {'age': 39, 'notes': 'unhappy', 'visualAcuity_1': 0.8, 'lensometer_1': -1.75, 'autorefraction_1': -2}] 
 Unauthorized 

[2018-Jan-10 18:00] 127.0.0.1 POST http /api/v1/predict? 401 UNAUTHORIZED 
 [{'age': 31, 'notes': 'unhappy', 'visualAcuity_1': 0.8, 'lensometer_1': -2.5, 'autorefraction_1': -2.75}, {'age': 39, 'notes': 'unhappy', 'visualAcuity_1': 0.8, 'lensometer_1': -1.75, 'autorefraction_1': -2}] 
 Unauthorized 

[2018-Jan-10 18:00] 127.0.0.1 POST http /api/v1/predict? 200 OK 
 [{'age': 31, 'notes': 'unhappy', 'visualAcuity_1': 0.8, 'lensometer_1': -2.5, 'autorefraction_1': -2.75}, {'age': 39, 'notes': 'unhappy', 'visualAcuity_1': 0.8, 'lensometer_1': -1.75, 'autorefraction_1': -2}] 
 {
  "prediction": [
    -2.5, 
    -1.75
  ]
}
 

[2018-Jan-10 18:01] 127.0.0.1 POST http /api/v1/predict? 401 UNAUTHORIZED 
 [{'age': 31, 'notes': 'unhappy', 'visualAcuity_1': 0.8, 'lensometer_1': -2.5, 'autorefraction_1': -2.75}, {'age': 39, 'notes': 'unhappy', 'visualAcuity_1': 0.8, 'lensometer_1': -1.75, 'autorefraction_1': -2}] 
 Unauthorized 

[2018-Jan-10 18:02] 127.0.0.1 POST http /api/v1/predict? 200 OK 
 [{'age': 31, 'notes': 'unhappy', 'visualAcuity_1': 0.8, 'lensometer_1': -2.5, 'autorefraction_1': -2.75}, {'age': 39, 'notes': 'unhappy', 'visualAcuity_1': 0.8, 'lensometer_1': -1.75, 'autorefraction_1': -2}] 
 {
  "prediction": [
    -2.5, 
    -1.75
  ]
}
 

[2018-Jan-10 18:03] 127.0.0.1 POST http /api/v1/predict? 200 OK 
 [{'age': 31, 'notes': 'unhappy', 'visualAcuity_1': 0.8, 'lensometer_1': -2.5, 'autorefraction_1': -2.75}, {'age': 39, 'notes': 'unhappy', 'visualAcuity_1': 0.8, 'lensometer_1': -1.75, 'autorefraction_1': -2}] 
 {
  "prediction": [
    -2.5, 
    -1.75
  ]
}
 

[2018-Jan-10 18:03] 127.0.0.1 POST http /api/v1/predict? 200 OK 
 [{'age': 31, 'notes': 'unhappy', 'visualAcuity_1': 0.8, 'lensometer_1': -2.5, 'autorefraction_1': -2.75}, {'age': 39, 'notes': 'unhappy', 'visualAcuity_1': 0.8, 'lensometer_1': -1.75, 'autorefraction_1': -2}] 
 {
  "prediction": [
    -2.5, 
    -1.75
  ]
}
 

[2018-Jan-10 18:03] 127.0.0.1 POST http /api/v1/predict? 200 OK 
 [{'age': 31, 'notes': 'unhappy', 'visualAcuity_1': 0.8, 'lensometer_1': -2.5, 'autorefraction_1': -2.75}, {'age': 39, 'notes': 'unhappy', 'visualAcuity_1': 0.8, 'lensometer_1': -1.75, 'autorefraction_1': -2}] 
 {
  "prediction": [
    -2.5, 
    -1.75
  ]
}
 

[2018-Jan-10 18:03] 127.0.0.1 POST http /api/v1/predict? 200 OK 
 [{'age': 31, 'notes': 'unhappy', 'visualAcuity_1': 0.8, 'lensometer_1': -2.5, 'autorefraction_1': -2.75}, {'age': 39, 'notes': 'unhappy', 'visualAcuity_1': 0.8, 'lensometer_1': -1.75, 'autorefraction_1': -2}] 
 {
  "prediction": [
    -2.5, 
    -1.75
  ]
}
 

[2018-Jan-10 18:03] 127.0.0.1 POST http /api/v1/predict? 200 OK 
 [{'age': 31, 'notes': 'unhappy', 'visualAcuity_1': 0.8, 'lensometer_1': -2.5, 'autorefraction_1': -2.75}, {'age': 39, 'notes': 'unhappy', 'visualAcuity_1': 0.8, 'lensometer_1': -1.75, 'autorefraction_1': -2}] 
 {
  "prediction": [
    -2.5, 
    -1.75
  ]
}
 

[2018-Jan-10 18:03] 127.0.0.1 POST http /api/v1/predict? 200 OK 
 [{'age': 31, 'notes': 'unhappy', 'visualAcuity_1': 0.8, 'lensometer_1': -2.5, 'autorefraction_1': -2.75}, {'age': 39, 'notes': 'unhappy', 'visualAcuity_1': 0.8, 'lensometer_1': -1.75, 'autorefraction_1': -2}] 
 {
  "prediction": [
    -2.5, 
    -1.75
  ]
}
 

[2018-Jan-10 18:17] 127.0.0.1 POST http /api/v1/predict? 200 OK 
 [{'age': 31, 'notes': 'unhappy', 'visualAcuity_1': 0.8, 'lensometer_1': -2.5, 'autorefraction_1': -2.75}, {'age': 39, 'notes': 'unhappy', 'visualAcuity_1': 0.8, 'lensometer_1': -1.75, 'autorefraction_1': -2}] 
 {
  "prediction": [
    -2.5, 
    -1.75
  ]
}
 

[2018-Jan-10 18:17] 127.0.0.1 POST http /api/v1/predict? 200 OK 
 [{'age': 31, 'notes': 'unhappy', 'visualAcuity_1': 0.8, 'lensometer_1': -2.5, 'autorefraction_1': -2.75}, {'age': 39, 'notes': 'unhappy', 'visualAcuity_1': 0.8, 'lensometer_1': -1.75, 'autorefraction_1': -2}] 
 {
  "prediction": [
    -2.5, 
    -1.75
  ]
}
 

[2018-Jan-10 18:17] 127.0.0.1 POST http /api/v1/predict? 200 OK 
 [{'age': 31, 'notes': 'unhappy', 'visualAcuity_1': 0.8, 'lensometer_1': -2.5, 'autorefraction_1': -2.75}, {'age': 39, 'notes': 'unhappy', 'visualAcuity_1': 0.8, 'lensometer_1': -1.75, 'autorefraction_1': -2}] 
 {
  "prediction": [
    -2.5, 
    -1.75
  ]
}
 

[2018-Jan-10 18:18] 127.0.0.1 POST http /api/v1/predict? 200 OK 
 [{'age': 31, 'notes': 'unhappy', 'visualAcuity_1': 0.8, 'lensometer_1': -2.5, 'autorefraction_1': -2.75}, {'age': 39, 'notes': 'unhappy', 'visualAcuity_1': 0.8, 'lensometer_1': -1.75, 'autorefraction_1': -2}] 
 {
  "prediction": [
    -2.5, 
    -1.75
  ]
}
 

[2018-Jan-10 18:18] 127.0.0.1 POST http /api/v1/predict? 401 UNAUTHORIZED 
 [{'age': 31, 'notes': 'unhappy', 'visualAcuity_1': 0.8, 'lensometer_1': -2.5, 'autorefraction_1': -2.75}, {'age': 39, 'notes': 'unhappy', 'visualAcuity_1': 0.8, 'lensometer_1': -1.75, 'autorefraction_1': -2}] 
 Unauthorized 

[2018-Jan-10 18:18] 127.0.0.1 POST http /api/v1/predict? 200 OK 
 [{'age': 31, 'notes': 'unhappy', 'visualAcuity_1': 0.8, 'lensometer_1': -2.5, 'autorefraction_1': -2.75}, {'age': 39, 'notes': 'unhappy', 'visualAcuity_1': 0.8, 'lensometer_1': -1.75, 'autorefraction_1': -2}] 
 {
  "prediction": [
    -2.5, 
    -1.75
  ]
}
 

[2018-Jan-10 18:23] 127.0.0.1 POST http /api/v1/predict? 200 OK 
 [{'age': 31, 'notes': 'unhappy', 'visualAcuity_1': 0.8, 'lensometer_1': -2.5, 'autorefraction_1': -2.75}, {'age': 39, 'notes': 'unhappy', 'visualAcuity_1': 0.8, 'lensometer_1': -1.75, 'autorefraction_1': -2}] 
 {
  "prediction": [
    -2.5, 
    -1.75
  ]
}
 

[2018-Jan-10 18:23] 127.0.0.1 POST http /api/v1/predict? 200 OK 
 [{'age': 31, 'notes': 'unhappy', 'visualAcuity_1': 0.8, 'lensometer_1': -2.5, 'autorefraction_1': -2.75}, {'age': 39, 'notes': 'unhappy', 'visualAcuity_1': 0.8, 'lensometer_1': -1.75, 'autorefraction_1': -2}] 
 {
  "prediction": [
    -2.5, 
    -1.75
  ]
}
 

[2018-Jan-10 18:23] 127.0.0.1 POST http /api/v1/predict? 200 OK 
 [{'age': 31, 'notes': 'unhappy', 'visualAcuity_1': 0.8, 'lensometer_1': -2.5, 'autorefraction_1': -2.75}, {'age': 39, 'notes': 'unhappy', 'visualAcuity_1': 0.8, 'lensometer_1': -1.75, 'autorefraction_1': -2}] 
 {
  "prediction": [
    -2.5, 
    -1.75
  ]
}
 

[2018-Jan-10 18:23] 127.0.0.1 POST http /api/v1/predict? 401 UNAUTHORIZED 
 [{'age': 31, 'notes': 'unhappy', 'visualAcuity_1': 0.8, 'lensometer_1': -2.5, 'autorefraction_1': -2.75}, {'age': 39, 'notes': 'unhappy', 'visualAcuity_1': 0.8, 'lensometer_1': -1.75, 'autorefraction_1': -2}] 
 Unauthorized 

[2018-Jan-10 18:23] 127.0.0.1 POST http /api/v1/predict? 401 UNAUTHORIZED 
 [{'age': 31, 'notes': 'unhappy', 'visualAcuity_1': 0.8, 'lensometer_1': -2.5, 'autorefraction_1': -2.75}, {'age': 39, 'notes': 'unhappy', 'visualAcuity_1': 0.8, 'lensometer_1': -1.75, 'autorefraction_1': -2}] 
 Unauthorized 

[2018-Jan-10 18:23] 127.0.0.1 POST http /api/v1/predict? 401 UNAUTHORIZED 
 [{'age': 31, 'notes': 'unhappy', 'visualAcuity_1': 0.8, 'lensometer_1': -2.5, 'autorefraction_1': -2.75}, {'age': 39, 'notes': 'unhappy', 'visualAcuity_1': 0.8, 'lensometer_1': -1.75, 'autorefraction_1': -2}] 
 Unauthorized 

[2018-Jan-10 18:23] 127.0.0.1 POST http /api/v1/predict? 401 UNAUTHORIZED 
 [{'age': 31, 'notes': 'unhappy', 'visualAcuity_1': 0.8, 'lensometer_1': -2.5, 'autorefraction_1': -2.75}, {'age': 39, 'notes': 'unhappy', 'visualAcuity_1': 0.8, 'lensometer_1': -1.75, 'autorefraction_1': -2}] 
 Unauthorized 

[2018-Jan-10 18:23] 127.0.0.1 POST http /api/v1/predict? 401 UNAUTHORIZED 
 [{'age': 31, 'notes': 'unhappy', 'visualAcuity_1': 0.8, 'lensometer_1': -2.5, 'autorefraction_1': -2.75}, {'age': 39, 'notes': 'unhappy', 'visualAcuity_1': 0.8, 'lensometer_1': -1.75, 'autorefraction_1': -2}] 
 Unauthorized 

[2018-Jan-10 18:23] 127.0.0.1 POST http /api/v1/predict? 401 UNAUTHORIZED 
 [{'age': 31, 'notes': 'unhappy', 'visualAcuity_1': 0.8, 'lensometer_1': -2.5, 'autorefraction_1': -2.75}, {'age': 39, 'notes': 'unhappy', 'visualAcuity_1': 0.8, 'lensometer_1': -1.75, 'autorefraction_1': -2}] 
 Unauthorized 

[2018-Jan-10 18:23] 127.0.0.1 POST http /api/v1/predict? 401 UNAUTHORIZED 
 [{'age': 31, 'notes': 'unhappy', 'visualAcuity_1': 0.8, 'lensometer_1': -2.5, 'autorefraction_1': -2.75}, {'age': 39, 'notes': 'unhappy', 'visualAcuity_1': 0.8, 'lensometer_1': -1.75, 'autorefraction_1': -2}] 
 Unauthorized 

[2018-Jan-10 18:24] 127.0.0.1 POST http /api/v1/predict? 200 OK 
 [{'age': 31, 'notes': 'unhappy', 'visualAcuity_1': 0.8, 'lensometer_1': -2.5, 'autorefraction_1': -2.75}, {'age': 39, 'notes': 'unhappy', 'visualAcuity_1': 0.8, 'lensometer_1': -1.75, 'autorefraction_1': -2}] 
 {
  "prediction": [
    -2.5, 
    -1.75
  ]
}
 

[2018-Jan-10 18:24] 127.0.0.1 POST http /api/v1/predict? 200 OK 
 [{'age': 31, 'notes': 'unhappy', 'visualAcuity_1': 0.8, 'lensometer_1': -2.5, 'autorefraction_1': -2.75}, {'age': 39, 'notes': 'unhappy', 'visualAcuity_1': 0.8, 'lensometer_1': -1.75, 'autorefraction_1': -2}] 
 {
  "prediction": [
    -2.5, 
    -1.75
  ]
}
 

[2018-Jan-10 18:24] 127.0.0.1 POST http /api/v1/predict? 200 OK 
 [{'age': 31, 'notes': 'unhappy', 'visualAcuity_1': 0.8, 'lensometer_1': -2.5, 'autorefraction_1': -2.75}, {'age': 39, 'notes': 'unhappy', 'visualAcuity_1': 0.8, 'lensometer_1': -1.75, 'autorefraction_1': -2}] 
 {
  "prediction": [
    -2.5, 
    -1.75
  ]
}
 

[2018-Jan-10 18:24] 127.0.0.1 POST http /api/v1/predict? 200 OK 
 [{'age': 31, 'notes': 'unhappy', 'visualAcuity_1': 0.8, 'lensometer_1': -2.5, 'autorefraction_1': -2.75}, {'age': 39, 'notes': 'unhappy', 'visualAcuity_1': 0.8, 'lensometer_1': -1.75, 'autorefraction_1': -2}] 
 {
  "prediction": [
    -2.5, 
    -1.75
  ]
}
 

[2018-Jan-10 18:25] 127.0.0.1 POST http /api/v1/predict? 200 OK 
 [{'age': 31, 'notes': 'unhappy', 'visualAcuity_1': 0.8, 'lensometer_1': -2.5, 'autorefraction_1': -2.75}, {'age': 39, 'notes': 'unhappy', 'visualAcuity_1': 0.8, 'lensometer_1': -1.75, 'autorefraction_1': -2}] 
 {
  "prediction": [
    -2.5, 
    -1.75
  ]
}
 

[2018-Jan-10 18:25] 127.0.0.1 POST http /api/v1/predict? 200 OK 
 [{'age': 31, 'notes': 'unhappy', 'visualAcuity_1': 0.8, 'lensometer_1': -2.5, 'autorefraction_1': -2.75}, {'age': 39, 'notes': 'unhappy', 'visualAcuity_1': 0.8, 'lensometer_1': -1.75, 'autorefraction_1': -2}] 
 {
  "prediction": [
    -2.5, 
    -1.75
  ]
}
 

[2018-Jan-10 18:25] 127.0.0.1 POST http /api/v1/predict? 401 UNAUTHORIZED 
 [{'age': 31, 'notes': 'unhappy', 'visualAcuity_1': 0.8, 'lensometer_1': -2.5, 'autorefraction_1': -2.75}, {'age': 39, 'notes': 'unhappy', 'visualAcuity_1': 0.8, 'lensometer_1': -1.75, 'autorefraction_1': -2}] 
 Unauthorized 

[2018-Jan-10 18:25] 127.0.0.1 POST http /api/v1/predict? 200 OK 
 [{'age': 31, 'notes': 'unhappy', 'visualAcuity_1': 0.8, 'lensometer_1': -2.5, 'autorefraction_1': -2.75}, {'age': 39, 'notes': 'unhappy', 'visualAcuity_1': 0.8, 'lensometer_1': -1.75, 'autorefraction_1': -2}] 
 {
  "prediction": [
    -2.5, 
    -1.75
  ]
}
 

[2018-Jan-10 18:29] 127.0.0.1 POST http /api/v1/predict? 200 OK 
 [{'age': 31, 'notes': 'unhappy', 'visualAcuity_1': 0.8, 'lensometer_1': -2.5, 'autorefraction_1': -2.75}, {'age': 39, 'notes': 'unhappy', 'visualAcuity_1': 0.8, 'lensometer_1': -1.75, 'autorefraction_1': -2}] 
 {
  "prediction": [
    -2.5, 
    -1.75
  ]
}
 

[2018-Jan-10 18:29] 127.0.0.1 POST http /api/v1/predict? 200 OK 
 [{'age': 31, 'notes': 'unhappy', 'visualAcuity_1': 0.8, 'lensometer_1': -2.5, 'autorefraction_1': -2.75}, {'age': 39, 'notes': 'unhappy', 'visualAcuity_1': 0.8, 'lensometer_1': -1.75, 'autorefraction_1': -2}] 
 {
  "prediction": [
    -2.5, 
    -1.75
  ]
}
 

[2018-Jan-11 16:39] 127.0.0.1 POST http /api/v1/predict? 200 OK 
 [{'age': 31, 'notes': 'unhappy', 'visualAcuity_1': 0.8, 'lensometer_1': -2.5, 'autorefraction_1': -2.75}, {'age': 39, 'notes': 'unhappy', 'visualAcuity_1': 0.8, 'lensometer_1': -1.75, 'autorefraction_1': -2}] 
 {
  "prediction": [
    -2.5, 
    -1.75
  ]
}
 

[2018-Jan-11 16:39] 127.0.0.1 POST http /api/v1/predict? 200 OK 
 [{'age': 31, 'notes': 'unhappy', 'visualAcuity_1': 0.8, 'lensometer_1': -2.5, 'autorefraction_1': -2.75}, {'age': 39, 'notes': 'unhappy', 'visualAcuity_1': 0.8, 'lensometer_1': -1.75, 'autorefraction_1': -2}] 
 {
  "prediction": [
    -2.5, 
    -1.75
  ]
}
 

[2018-Jan-11 16:39] 127.0.0.1 POST http /api/v1/predict? 200 OK 
 [{'age': 31, 'notes': 'unhappy', 'visualAcuity_1': 0.8, 'lensometer_1': -2.5, 'autorefraction_1': -2.75}, {'age': 39, 'notes': 'unhappy', 'visualAcuity_1': 0.8, 'lensometer_1': -1.75, 'autorefraction_1': -2}] 
 {
  "prediction": [
    -2.5, 
    -1.75
  ]
}
 

[2018-Jan-11 16:41] 127.0.0.1 POST http /api/v1/predict? 200 OK 
 [{'age': 31, 'notes': 'unhappy', 'visualAcuity_1': 0.8, 'lensometer_1': -2.5, 'autorefraction_1': -2.75}, {'age': 39, 'notes': 'unhappy', 'visualAcuity_1': 0.8, 'lensometer_1': -1.75, 'autorefraction_1': -2}] 
 {
  "prediction": [
    -2.5, 
    -1.75
  ]
}
 

[2018-Jan-11 16:42] 127.0.0.1 POST http /api/v1/predict? 200 OK 
 [{'visit_id': '', 'age': 31, 'notes': 'unhappy', 'visualAcuity_1': 0.8, 'lensometer_1': -2.5, 'autorefraction_1': -2.75}, {'visit_id': '', 'age': 39, 'notes': 'unhappy', 'visualAcuity_1': 0.8, 'lensometer_1': -1.75, 'autorefraction_1': -2}] 
 {
  "prediction": [
    -2.5, 
    -1.75
  ]
}
 

[2018-Jan-11 16:42] 127.0.0.1 POST http /api/v1/predict? 200 OK 
 [{'visit_id': '', 'age': 31, 'notes': 'unhappy', 'visualAcuity_1': 0.8, 'lensometer_1': -2.5, 'autorefraction_1': -2.75}, {'visit_id': '', 'age': 39, 'notes': 'unhappy', 'visualAcuity_1': 0.8, 'lensometer_1': -1.75, 'autorefraction_1': -2}] 
 {
  "prediction": [
    -2.5, 
    -1.75
  ]
}
 

[2018-Jan-11 16:42] 127.0.0.1 POST http /api/v1/predict? 200 OK 
 [{'visit_id': '', 'age': 31, 'notes': 'unhappy', 'visualAcuity_1': 0.8, 'lensometer_1': -2.5, 'autorefraction_1': -2.75}, {'visit_id': '', 'age': 39, 'notes': 'unhappy', 'visualAcuity_1': 0.8, 'lensometer_1': -1.75, 'autorefraction_1': -2}] 
 {
  "prediction": [
    -2.5, 
    -1.75
  ]
}
 

[2018-Jan-11 16:43] 127.0.0.1 POST http /api/v1/predict? 200 OK 
 [{'visit_id': '', 'age': 31, 'notes': 'unhappy', 'visualAcuity_1': 0.8, 'lensometer_1': -2.5, 'autorefraction_1': -2.75}, {'visit_id': '', 'age': 39, 'notes': 'unhappy', 'visualAcuity_1': 0.8, 'lensometer_1': -1.75, 'autorefraction_1': -2}] 
 {
  "prediction": [
    -2.5, 
    -1.75
  ]
}
 

[2018-Jan-11 16:43] 127.0.0.1 POST http /api/v1/predict? 200 OK 
 [{'visit_id': '', 'age': 31, 'notes': 'unhappy', 'visualAcuity_1': 0.8, 'lensometer_1': -2.5, 'autorefraction_1': -2.75}, {'visit_id': '', 'age': 39, 'notes': 'unhappy', 'visualAcuity_1': 0.8, 'lensometer_1': -1.75, 'autorefraction_1': -2}] 
 {
  "prediction": [
    -2.5, 
    -1.75
  ]
}
 

[2018-Jan-11 16:45] 127.0.0.1 POST http /api/v1/predict? 200 OK 
 [{'visit_id': '', 'age': 31, 'notes': 'unhappy', 'visualAcuity_1': 0.8, 'lensometer_1': -2.5, 'autorefraction_1': -2.75}, {'visit_id': '', 'age': 39, 'notes': 'unhappy', 'visualAcuity_1': 0.8, 'lensometer_1': -1.75, 'autorefraction_1': -2}] 
 {
  "prediction": [
    -2.5, 
    -1.75
  ]
}
 

[2018-Jan-11 16:46] 127.0.0.1 POST http /api/v1/predict? 200 OK 
 [{'visit_id': '', 'age': 31, 'notes': 'unhappy', 'visualAcuity_1': 0.8, 'lensometer_1': -2.5, 'autorefraction_1': -2.75}, {'visit_id': '', 'age': 39, 'notes': 'unhappy', 'visualAcuity_1': 0.8, 'lensometer_1': -1.75, 'autorefraction_1': -2}] 
 {
  "prediction": [
    -2.5, 
    -1.75
  ]
}
 

[2018-Jan-11 16:47] 127.0.0.1 POST http /api/v1/predict? 200 OK 
 [{'visit_id': '123', 'age': 31, 'notes': 'unhappy', 'visualAcuity_1': 0.8, 'lensometer_1': -2.5, 'autorefraction_1': -2.75}, {'visit_id': '321', 'age': 39, 'notes': 'unhappy', 'visualAcuity_1': 0.8, 'lensometer_1': -1.75, 'autorefraction_1': -2}] 
 {
  "prediction": [
    -2.5, 
    -1.75
  ]
}
 

[2018-Jan-11 16:48] 127.0.0.1 POST http /api/v1/predict? 200 OK 
 [{'visit_id': '123', 'age': 31, 'notes': 'unhappy', 'visualAcuity_1': 0.8, 'lensometer_1': -2.5, 'autorefraction_1': -2.75}, {'visit_id': '321', 'age': 39, 'notes': 'unhappy', 'visualAcuity_1': 0.8, 'lensometer_1': -1.75, 'autorefraction_1': -2}] 
 {
  "prediction": [
    -2.5, 
    -1.75
  ]
}
 

[2018-Jan-11 16:51] 127.0.0.1 POST http /api/v1/predict? 200 OK 
 [{'visit_id': '123', 'age': 31, 'notes': 'unhappy', 'visualAcuity_1': 0.8, 'lensometer_1': -2.5, 'autorefraction_1': -2.75}, {'visit_id': '321', 'age': 39, 'notes': 'unhappy', 'visualAcuity_1': 0.8, 'lensometer_1': -1.75, 'autorefraction_1': -2}] 
 {
  "prediction": [
    {
      "prediction": -2.5, 
      "visit_id": "123"
    }, 
    {
      "prediction": -1.75, 
      "visit_id": "321"
    }
  ]
}
 

[2018-Jan-11 16:52] 127.0.0.1 POST http /api/v1/predict? 200 OK 
 [{'visit_id': '123', 'age': 31, 'notes': 'unhappy', 'visualAcuity_1': 0.8, 'lensometer_1': -2.5, 'autorefraction_1': -2.75}, {'visit_id': '321', 'age': 39, 'notes': 'unhappy', 'visualAcuity_1': 0.8, 'lensometer_1': -1.75, 'autorefraction_1': -2}] 
 [
  {
    "prediction": -2.5, 
    "visit_id": "123"
  }, 
  {
    "prediction": -1.75, 
    "visit_id": "321"
  }
]
 

[2018-Jan-11 16:52] 127.0.0.1 POST http /api/v1/predict? 200 OK 
 [{'visit_id': '123', 'age': 31, 'notes': 'unhappy', 'visualAcuity_1': 0.8, 'lensometer_1': -2.5, 'autorefraction_1': -2.75}, {'visit_id': '321', 'age': 39, 'notes': 'unhappy', 'visualAcuity_1': 0.8, 'lensometer_1': -1.75, 'autorefraction_1': -2}] 
 [
  {
    "prediction": -2.5, 
    "visit_id": "123"
  }, 
  {
    "prediction": -1.75, 
    "visit_id": "321"
  }
]
 

[2018-Jan-11 16:53] 127.0.0.1 POST http /api/v1/predict? 200 OK 
 [{'visit_id': '123', 'age': 23, 'notes': 'unhappy', 'visualAcuity_1': 0.8, 'lensometer_1': -1.25, 'autorefraction_1': -2.25}, {'visit_id': '321', 'age': 39, 'notes': 'unhappy', 'visualAcuity_1': 0.8, 'lensometer_1': -1.75, 'autorefraction_1': -2}] 
 [
  {
    "prediction": -1.5, 
    "visit_id": "123"
  }, 
  {
    "prediction": -1.75, 
    "visit_id": "321"
  }
]
 

[2018-Jan-11 16:56] 127.0.0.1 POST http /api/v1/predict? 200 OK 
 [{'visit_id': '123', 'age': 23, 'notes': 'unhappy', 'visualAcuity_1': 0.8, 'lensometer_1': -1.25, 'autorefraction_1': -2.25}, {'visit_id': '321', 'age': 42, 'notes': 'happy', 'visualAcuity_1': 0.8, 'lensometer_1': -1.0, 'autorefraction_1': -0.25}] 
 [
  {
    "prediction": -1.5, 
    "visit_id": "123"
  }, 
  {
    "prediction": -0.75, 
    "visit_id": "321"
  }
]
 

[2018-Jan-11 16:56] 127.0.0.1 POST http /api/v1/predict? 200 OK 
 [{'visit_id': '123', 'age': 23, 'notes': 'unhappy', 'visualAcuity_1': 0.8, 'lensometer_1': -1.25, 'autorefraction_1': -2.25}, {'visit_id': '321', 'age': 42, 'notes': 'happy', 'visualAcuity_1': 0.8, 'lensometer_1': -1.0, 'autorefraction_1': -0.25}] 
 [
  {
    "prediction": -1.5, 
    "visit_id": "123"
  }, 
  {
    "prediction": -0.75, 
    "visit_id": "321"
  }
]
 

[2018-Jan-11 16:56] 127.0.0.1 POST http /api/v1/predict? 200 OK 
 [{'visit_id': '123', 'age': 23, 'notes': 'unhappy', 'visualAcuity_1': 0.8, 'lensometer_1': -1.25, 'autorefraction_1': -2.25}, {'visit_id': '321', 'age': 42, 'notes': 'happy', 'visualAcuity_1': 0.8, 'lensometer_1': -1.0, 'autorefraction_1': -0.25}] 
 [
  {
    "prediction": -1.5, 
    "visit_id": "123"
  }, 
  {
    "prediction": -0.75, 
    "visit_id": "321"
  }
]
 

[2018-Jan-11 16:57] 127.0.0.1 POST http /api/v1/predict? 200 OK 
 [{'visit_id': '123', 'age': 23, 'notes': 'unhappy', 'visualAcuity_1': 0.8, 'lensometer_1': -1.25, 'autorefraction_1': -2.25}, {'visit_id': '321', 'age': 42, 'notes': 'happy', 'visualAcuity_1': 0.8, 'lensometer_1': -1.0, 'autorefraction_1': -0.25}] 
 [
  {
    "prediction": -1.5, 
    "visit_id": "123"
  }, 
  {
    "prediction": -0.75, 
    "visit_id": "321"
  }
]
 

[2018-Jan-11 16:57] 127.0.0.1 POST http /api/v1/predict? 200 OK 
 [{'visit_id': '123', 'age': 23, 'notes': 'unhappy', 'visualAcuity_1': 0.8, 'lensometer_1': -1.25, 'autorefraction_1': -2.25}, {'visit_id': '321', 'age': 42, 'notes': 'happy', 'visualAcuity_1': 0.8, 'lensometer_1': -1.0, 'autorefraction_1': -0.25}] 
 [
  {
    "prediction": -1.5, 
    "visit_id": "123"
  }, 
  {
    "prediction": -0.75, 
    "visit_id": "321"
  }
]
 

[2018-Jan-11 16:57] 127.0.0.1 POST http /api/v1/predict? 200 OK 
 [{'visit_id': 'xy', 'age': 23, 'notes': 'unhappy', 'visualAcuity_1': 0.8, 'lensometer_1': -1.25, 'autorefraction_1': -2.25}, {'visit_id': '12', 'age': 42, 'notes': 'happy', 'visualAcuity_1': 0.8, 'lensometer_1': -1.0, 'autorefraction_1': -0.25}] 
 [
  {
    "prediction": -1.5, 
    "visit_id": "xy"
  }, 
  {
    "prediction": -0.75, 
    "visit_id": "12"
  }
]
 

[2018-Jan-11 16:58] 127.0.0.1 POST http /api/v1/predict? 200 OK 
 [{'visit_id': 'xy', 'age': 23, 'notes': 'unhappy', 'visualAcuity_1': 0.8, 'lensometer_1': -1.25, 'autorefraction_1': -2.25}, {'visit_id': '12', 'age': 42, 'notes': 'happy', 'visualAcuity_1': 0.8, 'lensometer_1': -1.0, 'autorefraction_1': -0.25}] 
 {
  "predictions": [
    {
      "prediction": -1.5, 
      "visit_id": "xy"
    }, 
    {
      "prediction": -0.75, 
      "visit_id": "12"
    }
  ]
}
 

[2018-Jan-11 16:58] 127.0.0.1 POST http /api/v1/predict? 200 OK 
 [{'visit_id': 'xy', 'age': 23, 'notes': 'unhappy', 'visualAcuity_1': 0.8, 'lensometer_1': -1.25, 'autorefraction_1': -2.25}, {'visit_id': '12', 'age': 42, 'notes': 'happy', 'visualAcuity_1': 0.8, 'lensometer_1': -1.0, 'autorefraction_1': -0.25}] 
 {
  "predictions": [
    {
      "prediction": -1.5, 
      "visit_id": "xy"
    }, 
    {
      "prediction": -0.75, 
      "visit_id": "12"
    }
  ]
}
 

[2018-Jan-11 16:58] 127.0.0.1 POST http /api/v1/predict? 200 OK 
 [{'visit_id': 'xy', 'age': 23, 'notes': 'unhappy', 'visualAcuity_1': 0.8, 'lensometer_1': -1.25, 'autorefraction_1': -2.25}, {'visit_id': '12', 'age': 42, 'notes': 'happy', 'visualAcuity_1': 0.8, 'lensometer_1': -1.0, 'autorefraction_1': -0.25}] 
 {
  "predictions": [
    {
      "prediction": -1.5, 
      "visit_id": "xy"
    }, 
    {
      "prediction": -0.75, 
      "visit_id": "12"
    }
  ]
}
 

[2018-Jan-11 16:58] 127.0.0.1 POST http /api/v1/predict? 200 OK 
 [{'visit_id': 'xy', 'age': 23, 'notes': 'unhappy', 'visualAcuity_1': 0.8, 'lensometer_1': -1.25, 'autorefraction_1': -2.25}, {'visit_id': '12', 'age': 42, 'notes': 'happy', 'visualAcuity_1': 0.8, 'lensometer_1': -1.0, 'autorefraction_1': -0.25}] 
 {
  "predictions": [
    {
      "prediction": -1.5, 
      "visit_id": "xy"
    }, 
    {
      "prediction": -0.75, 
      "visit_id": "12"
    }
  ]
}
 

[2018-Jan-11 16:59] 127.0.0.1 POST http /api/v1/predict? 200 OK 
 [{'visit_id': 'xy', 'age': 23, 'notes': 'unhappy', 'visualAcuity_1': 0.8, 'lensometer_1': -1.25, 'autorefraction_1': -2.25}, {'visit_id': '12', 'age': 42, 'notes': 'happy', 'visualAcuity_1': 0.8, 'lensometer_1': -1.0, 'autorefraction_1': -0.25}] 
 {
  "predictions": [
    {
      "prediction": -1.5, 
      "visit_id": "xy"
    }, 
    {
      "prediction": -0.75, 
      "visit_id": "12"
    }
  ]
}
 

[2018-Jan-11 17:00] 127.0.0.1 POST http /api/v1/predict? 200 OK 
 [{'visit_id': '123', 'age': 23, 'notes': 'unhappy', 'visualAcuity_1': 0.8, 'lensometer_1': -1.25, 'autorefraction_1': -2.25}, {'visit_id': '456', 'age': 42, 'notes': 'happy', 'visualAcuity_1': 0.8, 'lensometer_1': -1.0, 'autorefraction_1': -0.25}] 
 {
  "predictions": [
    {
      "prediction": -1.5, 
      "visit_id": "123"
    }, 
    {
      "prediction": -0.75, 
      "visit_id": "456"
    }
  ]
}
 

